2025-05-21 21:08:54,866 - INFO - Начало подготовки данных. Входная директория: data/raw, выходная директория: data/processed
2025-05-21 21:08:54,867 - INFO - Найден последний файл с данными: 4к_2025-05-21_20-02.csv
2025-05-21 21:08:54,874 - INFO - Файл успешно прочитан. Исходное количество строк: 1537
2025-05-21 21:08:54,876 - INFO - Выбраны только необходимые колонки
2025-05-21 21:08:54,876 - INFO - Удалены строки с NaN. Осталось строк: 1537
2025-05-21 21:08:54,877 - INFO - Применены фильтры. Удалено строк: 787. Осталось: 750
2025-05-21 21:08:54,878 - INFO - Данные разделены на train/test. Train: 600 строк, Test: 150 строк
2025-05-21 21:08:54,879 - INFO - Создана выходная директория data/processed (если не существовала)
2025-05-21 21:08:54,880 - INFO - Train данные сохранены в data/processed/train.csv
2025-05-21 21:08:54,881 - INFO - Test данные сохранены в data/processed/test.csv
2025-05-21 21:08:54,881 - INFO - Подготовка данных успешно завершена
2025-05-21 21:10:48,073 - INFO - Начало обучения модели. Выходная директория: models, имя модели: linear
2025-05-21 21:10:48,073 - INFO - Загрузка train и test данных...
2025-05-21 21:10:48,077 - INFO - Данные загружены. Train: 600 строк, Test: 150 строк
2025-05-21 21:10:48,077 - INFO - Данные объединены. Всего строк: 750
2025-05-21 21:10:48,081 - INFO - Данные разделены. X_train: (600, 4), X_test: (150, 4)
2025-05-21 21:10:48,081 - INFO - Обучение модели LinearRegression...
2025-05-21 21:10:48,083 - INFO - Модель успешно обучена
2025-05-21 21:10:48,084 - INFO - Метрики модели - MSE: 45270902168774.83, R2: 0.40
2025-05-21 21:10:48,084 - INFO - Модель сохранена по пути: models/linear_model.pkl
2025-05-21 21:10:48,084 - INFO - Процесс обучения и сохранения модели завершен успешно
2025-05-21 21:12:17,679 - INFO - Начало проверки модели. Входная директория: models
2025-05-21 21:12:17,680 - INFO - Получены входные данные: [50, 3, 17, 4]
2025-05-21 21:12:17,680 - INFO - Попытка загрузки модели из: models/model.pkl
2025-05-21 21:12:17,680 - INFO - Модель успешно загружена
2025-05-21 21:12:17,680 - INFO - Подготовка DataFrame с колонками: ['total_meters', 'rooms_count', 'floors_count', 'floor']
2025-05-21 21:12:17,685 - INFO - Выполнение предсказания...
2025-05-21 21:12:17,686 - INFO - Получено предсказание: 17478809
2025-05-21 21:12:17,686 - INFO - Предсказание успешно выведено
2025-05-21 21:12:17,686 - INFO - Завершение проверки модели
2025-05-21 21:21:14,488 - INFO - Начало подготовки данных. Входная директория: data/raw, выходная директория: data/processed
2025-05-21 21:21:14,488 - INFO - Найден последний файл с данными: 4к_2025-05-21_20-02.csv
2025-05-21 21:21:14,496 - INFO - Файл успешно прочитан. Исходное количество строк: 1537
2025-05-21 21:21:14,498 - INFO - Выбраны только необходимые колонки
2025-05-21 21:21:14,499 - INFO - Удалены строки с NaN. Осталось строк: 1537
2025-05-21 21:21:14,500 - INFO - Применены фильтры. Удалено строк: 787. Осталось: 750
2025-05-21 21:21:14,501 - INFO - Данные разделены на train/test. Train: 600 строк, Test: 150 строк
2025-05-21 21:21:14,501 - INFO - Создана выходная директория data/processed (если не существовала)
2025-05-21 21:21:14,503 - INFO - Train данные сохранены в data/processed/train.csv
2025-05-21 21:21:14,504 - INFO - Test данные сохранены в data/processed/test.csv
2025-05-21 21:21:14,504 - INFO - Подготовка данных успешно завершена
2025-05-21 21:21:15,396 - INFO - Начало обучения модели. Выходная директория: models, имя модели: linear
2025-05-21 21:21:15,396 - INFO - Загрузка train и test данных...
2025-05-21 21:21:15,397 - INFO - Данные загружены. Train: 600 строк, Test: 150 строк
2025-05-21 21:21:15,398 - INFO - Данные объединены. Всего строк: 750
2025-05-21 21:21:15,399 - INFO - Данные разделены. X_train: (600, 4), X_test: (150, 4)
2025-05-21 21:21:15,399 - INFO - Обучение модели LinearRegression...
2025-05-21 21:21:15,400 - INFO - Модель успешно обучена
2025-05-21 21:21:15,401 - INFO - Метрики модели - MSE: 45270902168774.83, R2: 0.40
2025-05-21 21:21:15,402 - INFO - Модель сохранена по пути: models/linear_model.pkl
2025-05-21 21:21:15,402 - INFO - Процесс обучения и сохранения модели завершен успешно
2025-05-21 21:21:16,280 - INFO - Начало проверки модели. Входная директория: models
2025-05-21 21:21:16,280 - INFO - Получены входные данные: [50, 3, 17, 4]
2025-05-21 21:21:16,280 - INFO - Попытка загрузки модели из: models/model.pkl
2025-05-21 21:21:16,280 - INFO - Модель успешно загружена
2025-05-21 21:21:16,280 - INFO - Подготовка DataFrame с колонками: ['total_meters', 'rooms_count', 'floors_count', 'floor']
2025-05-21 21:21:16,282 - INFO - Выполнение предсказания...
2025-05-21 21:21:16,283 - INFO - Получено предсказание: 17478809
2025-05-21 21:21:16,283 - INFO - Предсказание успешно выведено
2025-05-21 21:21:16,283 - INFO - Завершение проверки модели
