2025-05-21 13:20:11,492 - INFO - Program start
2025-05-21 13:20:46,109 - INFO - Successful flats parse
2025-05-21 13:20:46,122 - INFO - Successful prepare data
2025-05-21 13:20:46,127 - INFO - Successful model train
2025-05-21 13:20:46,128 - INFO - Successful save model
2025-05-21 13:20:46,130 - INFO - Successful check model with parameters: 50, 3, 17, 4
2025-05-21 13:54:03,173 - INFO - Program start
2025-05-21 13:54:03,182 - INFO - Successful prepare data
2025-05-21 13:54:03,192 - INFO - Successful model train
2025-05-21 13:54:03,193 - INFO - Successful save model
2025-05-21 13:54:03,194 - INFO - Successful check model with parameters: 50, 3, 17, 4
2025-05-21 19:56:36,413 - INFO - Program start
2025-05-21 19:56:36,427 - INFO - Successful prepare data
2025-05-21 19:56:36,437 - INFO - Successful model train
2025-05-21 19:56:36,438 - INFO - Successful save model
2025-05-21 19:56:36,438 - INFO - Successful check model with parameters: 50, 3, 17, 4
2025-05-21 19:57:17,533 - INFO - Program start
2025-05-21 19:57:17,546 - INFO - Successful prepare data
2025-05-21 19:57:17,549 - INFO - Successful model train
2025-05-21 19:57:17,550 - INFO - Successful save model
2025-05-21 19:57:17,551 - INFO - Successful check model with parameters: 50, 3, 17, 4
2025-05-21 19:57:30,335 - INFO - Program start
2025-05-21 20:02:46,695 - INFO - Successful flats parse
2025-05-21 20:02:46,709 - INFO - Successful prepare data
2025-05-21 20:02:46,712 - INFO - Successful model train
2025-05-21 20:02:46,713 - INFO - Successful save model
2025-05-21 20:02:46,714 - INFO - Successful check model with parameters: 50, 3, 17, 4
